symbol_table.o: In function `Symbol_table::print(std::ostream&)':
/home/mint/Documents/spring14/compiler/p6/symbol_table.cpp:33: undefined reference to `Game_object::print(std::ostream&) const'
circle.o: In function `Circle::Circle()':
/home/mint/Documents/spring14/compiler/p6/circle.cpp:8: undefined reference to `Game_object::Game_object(double, double, double)'
/home/mint/Documents/spring14/compiler/p6/circle.cpp:20: undefined reference to `Game_object::mark_member_variable_as_derived(std::string)'
/home/mint/Documents/spring14/compiler/p6/circle.cpp:22: undefined reference to `Game_object::mark_member_variable_as_derived(std::string)'
/home/mint/Documents/spring14/compiler/p6/circle.cpp:8: undefined reference to `Game_object::~Game_object()'
circle.o: In function `Game_object::register_member_variable(std::string, int*)':
/home/mint/Documents/spring14/compiler/p6/game_object.h:201: undefined reference to `Game_object::register_member_variable(Gpl_type, std::string, void*)'
circle.o: In function `Circle::~Circle()':
/home/mint/Documents/spring14/compiler/p6/circle.h:14: undefined reference to `Game_object::~Game_object()'
circle.o:(.rodata._ZTI6Circle[_ZTI6Circle]+0x10): undefined reference to `typeinfo for Game_object'
pixmap.o: In function `Pixmap::Pixmap()':
/home/mint/Documents/spring14/compiler/p6/pixmap.cpp:13: undefined reference to `Game_object::Game_object(double, double, double)'
/home/mint/Documents/spring14/compiler/p6/pixmap.cpp:31: undefined reference to `Game_object::mark_member_variable_as_derived(std::string)'
/home/mint/Documents/spring14/compiler/p6/pixmap.cpp:33: undefined reference to `Game_object::mark_member_variable_as_derived(std::string)'
/home/mint/Documents/spring14/compiler/p6/pixmap.cpp:13: undefined reference to `Game_object::~Game_object()'
pixmap.o: In function `Game_object::register_member_variable(std::string, std::string*)':
/home/mint/Documents/spring14/compiler/p6/game_object.h:205: undefined reference to `Game_object::register_member_variable(Gpl_type, std::string, void*)'
pixmap.o: In function `Pixmap::~Pixmap()':
/home/mint/Documents/spring14/compiler/p6/pixmap.h:39: undefined reference to `Game_object::~Game_object()'
pixmap.o:(.rodata._ZTI6Pixmap[_ZTI6Pixmap]+0x10): undefined reference to `typeinfo for Game_object'
rectangle.o: In function `Rectangle::Rectangle()':
/home/mint/Documents/spring14/compiler/p6/rectangle.cpp:13: undefined reference to `Game_object::Game_object(double, double, double)'
/home/mint/Documents/spring14/compiler/p6/rectangle.cpp:13: undefined reference to `Game_object::~Game_object()'
rectangle.o: In function `Game_object::register_member_variable(std::string, double*)':
/home/mint/Documents/spring14/compiler/p6/game_object.h:203: undefined reference to `Game_object::register_member_variable(Gpl_type, std::string, void*)'
rectangle.o: In function `Rectangle::~Rectangle()':
/home/mint/Documents/spring14/compiler/p6/rectangle.h:6: undefined reference to `Game_object::~Game_object()'
rectangle.o:(.rodata._ZTI9Rectangle[_ZTI9Rectangle]+0x10): undefined reference to `typeinfo for Game_object'
textbox.o: In function `Textbox::Textbox()':
/home/mint/Documents/spring14/compiler/p6/textbox.cpp:8: undefined reference to `Game_object::Game_object(double, double, double)'
/home/mint/Documents/spring14/compiler/p6/textbox.cpp:8: undefined reference to `Game_object::~Game_object()'
textbox.o: In function `Textbox::~Textbox()':
/home/mint/Documents/spring14/compiler/p6/textbox.h:16: undefined reference to `Game_object::~Game_object()'
textbox.o:(.rodata._ZTI7Textbox[_ZTI7Textbox]+0x10): undefined reference to `typeinfo for Game_object'
triangle.o: In function `Triangle::Triangle()':
/home/mint/Documents/spring14/compiler/p6/triangle.cpp:16: undefined reference to `Game_object::Game_object(double, double, double)'
/home/mint/Documents/spring14/compiler/p6/triangle.cpp:28: undefined reference to `Game_object::mark_member_variable_as_derived(std::string)'
/home/mint/Documents/spring14/compiler/p6/triangle.cpp:30: undefined reference to `Game_object::mark_member_variable_as_derived(std::string)'
/home/mint/Documents/spring14/compiler/p6/triangle.cpp:16: undefined reference to `Game_object::~Game_object()'
triangle.o: In function `Triangle::~Triangle()':
/home/mint/Documents/spring14/compiler/p6/triangle.h:7: undefined reference to `Game_object::~Game_object()'
triangle.o:(.rodata._ZTI8Triangle[_ZTI8Triangle]+0x10): undefined reference to `typeinfo for Game_object'
window.o: In function `draw_all_game_objects()':
/home/mint/Documents/spring14/compiler/p6/window.cpp:34: undefined reference to `Game_object::draw_all_game_objects()'
window.o: In function `draw_callback()':
/home/mint/Documents/spring14/compiler/p6/window.cpp:59: undefined reference to `Game_object::graphics_out_of_date_with_last_rendering()'
window.o: In function `timer_callback(int)':
/home/mint/Documents/spring14/compiler/p6/window.cpp:69: undefined reference to `Game_object::animate_all_game_objects()'
collect2: error: ld returned 1 exit status
make: *** [gpl] Error 1
